app_im/build/intermediates/manifest_merge_blame_file/debug/manifest-merger-blame-debug-report.txt
1<?xml version="1.0" encoding="utf-8"?>
2<manifest xmlns:android="http://schemas.android.com/apk/res/android"
3    package="net.qiujuer.italker.push"
4    android:versionCode="1"
5    android:versionName="1.0.0" >
6
7    <uses-sdk
8        android:minSdkVersion="19"
8-->src\main\AndroidManifest.xml
9        android:targetSdkVersion="28" />
9-->src\main\AndroidManifest.xml
10
11    <!-- 网络相关的权限 -->
12    <uses-permission android:name="android.permission.INTERNET" />
12-->src\main\AndroidManifest.xml:7:5-67
12-->src\main\AndroidManifest.xml:7:22-64
13    <uses-permission android:name="android.permission.ACCESS_NETWORK_STATE" />
13-->src\main\AndroidManifest.xml:8:5-79
13-->src\main\AndroidManifest.xml:8:22-76
14    <uses-permission android:name="android.permission.ACCESS_WIFI_STATE" />
14-->src\main\AndroidManifest.xml:9:5-76
14-->src\main\AndroidManifest.xml:9:22-73
15    <!-- 读取存储权限 -->
16    <uses-permission android:name="android.permission.READ_EXTERNAL_STORAGE" />
16-->src\main\AndroidManifest.xml:11:5-80
16-->src\main\AndroidManifest.xml:11:22-77
17    <!-- 写存储权限，OSS需要 -->
18    <uses-permission android:name="android.permission.WRITE_EXTERNAL_STORAGE" />
18-->src\main\AndroidManifest.xml:13:5-81
18-->src\main\AndroidManifest.xml:13:22-78
19    <!-- 录音权限 -->
20    <uses-permission android:name="android.permission.RECORD_AUDIO" />
20-->src\main\AndroidManifest.xml:15:5-71
20-->src\main\AndroidManifest.xml:15:22-68
21    <uses-permission android:name="android.permission.DISABLE_KEYGUARD" />
21-->[:common] AndroidManifest.xml:12:5-75
21-->[:common] AndroidManifest.xml:12:22-72
22    <uses-permission android:name="android.permission.KILL_BACKGROUND_PROCESSES" />
22-->[:common] AndroidManifest.xml:13:5-84
22-->[:common] AndroidManifest.xml:13:22-81
23    <uses-permission android:name="android.permission.READ_PHONE_STATE" />
23-->[:common] AndroidManifest.xml:27:5-75
23-->[:common] AndroidManifest.xml:27:22-72
24    <uses-permission android:name="android.permission.READ_CONTACTS" />
24-->[:common] AndroidManifest.xml:28:5-72
24-->[:common] AndroidManifest.xml:28:22-69
25    <uses-permission android:name="android.permission.RECEIVE_BOOT_COMPLETED" />
25-->[:common] AndroidManifest.xml:29:5-81
25-->[:common] AndroidManifest.xml:29:22-78
26    <uses-permission android:name="android.permission.SEND_SMS" />
26-->[:common] AndroidManifest.xml:30:5-67
26-->[:common] AndroidManifest.xml:30:22-64
27    <uses-permission android:name="android.permission.RECEIVE_SMS" />
27-->[:common] AndroidManifest.xml:31:5-70
27-->[:common] AndroidManifest.xml:31:22-67
28    <uses-permission android:name="android.permission.ACCESS_FINE_LOCATION" /> <!-- //获取准确GPS坐标的权限 -->
28-->[:common] AndroidManifest.xml:32:5-79
28-->[:common] AndroidManifest.xml:32:22-76
29    <uses-permission android:name="android.permission.ACCESS_MOCK_LOCATION" /> <!-- //允许模拟器模拟位置坐标的权限 -->
29-->[:common] AndroidManifest.xml:33:5-79
29-->[:common] AndroidManifest.xml:33:22-76
30    <uses-permission android:name="android.permission.ACCESS_COARSE_LOCATION" /> <!-- //获取粗略坐标的权限(网络定位时使用) -->
30-->[:common] AndroidManifest.xml:34:5-81
30-->[:common] AndroidManifest.xml:34:22-78
31    <uses-permission android:name="android.permission.VIBRATE" /> <!-- 在窗体上挂在view的权限 -->
31-->[:common] AndroidManifest.xml:35:5-66
31-->[:common] AndroidManifest.xml:35:22-63
32    <uses-permission android:name="android.permission.SYSTEM_ALERT_WINDOW" /> <!-- 去电广播监听的权限 -->
32-->[:common] AndroidManifest.xml:37:5-78
32-->[:common] AndroidManifest.xml:37:22-75
33    <uses-permission android:name="android.permission.PROCESS_OUTGOING_CALLS" /> <!-- 拦截电话需要用到的权限 -->
33-->[:common] AndroidManifest.xml:39:5-81
33-->[:common] AndroidManifest.xml:39:22-78
34    <uses-permission android:name="android.permission.CALL_PHONE" />
34-->[:common] AndroidManifest.xml:41:5-69
34-->[:common] AndroidManifest.xml:41:22-66
35    <uses-permission android:name="android.permission.READ_CALL_LOG" />
35-->[:common] AndroidManifest.xml:42:5-72
35-->[:common] AndroidManifest.xml:42:22-69
36    <uses-permission android:name="android.permission.WRITE_CALL_LOG" />
36-->[:common] AndroidManifest.xml:43:5-73
36-->[:common] AndroidManifest.xml:43:22-70
37    <uses-permission android:name="android.permission.READ_SMS" />
37-->[:common] AndroidManifest.xml:44:5-67
37-->[:common] AndroidManifest.xml:44:22-64
38    <uses-permission android:name="android.permission.WRITE_SMS" /> <!-- 杀死后台进程的权限 -->
38-->[:common] AndroidManifest.xml:45:5-68
38-->[:common] AndroidManifest.xml:45:22-65
39    <uses-permission android:name="android.permission.KILL_BACKGROUND_PROCESSES" />
39-->[:common] AndroidManifest.xml:13:5-84
39-->[:common] AndroidManifest.xml:13:22-81
40    <uses-permission android:name="com.android.launcher.permission.INSTALL_SHORTCUT" />
40-->[:common] AndroidManifest.xml:48:5-88
40-->[:common] AndroidManifest.xml:48:22-85
41    <uses-permission android:name="android.permission.GET_TASKS" />
41-->[:common] AndroidManifest.xml:49:5-68
41-->[:common] AndroidManifest.xml:49:22-65
42    <uses-permission android:name="android.permission.GET_PACKAGE_SIZE" />
42-->[:common] AndroidManifest.xml:50:5-75
42-->[:common] AndroidManifest.xml:50:22-72
43    <uses-permission android:name="android.permission.CLEAR_APP_CACHE" />
43-->[:common] AndroidManifest.xml:51:5-74
43-->[:common] AndroidManifest.xml:51:22-71
44    <uses-permission android:name="android.permission.READ_PHONE_STATE" />
44-->[:common] AndroidManifest.xml:27:5-75
44-->[:common] AndroidManifest.xml:27:22-72
45    <uses-permission android:name="android.permission.SYSTEM_ALERT_WINDOW" /> <!-- 以下为可选权限 -->
45-->[:common] AndroidManifest.xml:37:5-78
45-->[:common] AndroidManifest.xml:37:22-75
46    <uses-permission android:name="com.android.launcher.permission.INSTALL_SHORTCUT" />
46-->[:common] AndroidManifest.xml:48:5-88
46-->[:common] AndroidManifest.xml:48:22-85
47    <uses-permission android:name="android.permission.ACCESS_FINE_LOCATION" />
47-->[:common] AndroidManifest.xml:32:5-79
47-->[:common] AndroidManifest.xml:32:22-76
48    <uses-permission android:name="android.permission.FOREGROUND_SERVICE" />
48-->[:common] AndroidManifest.xml:66:5-77
48-->[:common] AndroidManifest.xml:66:22-74
49    <uses-permission android:name="android.permission.CHANGE_WIFI_STATE" /> <!-- 自定义权限 -->
49-->[com.getui:sdk:2.13.0.0] AndroidManifest.xml:9:5-76
49-->[com.getui:sdk:2.13.0.0] AndroidManifest.xml:9:22-73
50    <uses-permission android:name="getui.permission.GetuiService.net.qiujuer.italker.push" />
50-->[com.getui:sdk:2.13.0.0] AndroidManifest.xml:18:5-86
50-->[com.getui:sdk:2.13.0.0] AndroidManifest.xml:18:22-83
51
52    <permission
52-->[com.getui:sdk:2.13.0.0] AndroidManifest.xml:20:5-22:44
53        android:name="getui.permission.GetuiService.net.qiujuer.italker.push"
53-->[com.getui:sdk:2.13.0.0] AndroidManifest.xml:21:9-70
54        android:protectionLevel="normal" />
54-->[com.getui:sdk:2.13.0.0] AndroidManifest.xml:22:9-41
55
56    <uses-permission android:name="android.permission.REORDER_TASKS" />
56-->[androidx.test:core:1.2.0] AndroidManifest.xml:24:5-72
56-->[androidx.test:core:1.2.0] AndroidManifest.xml:24:22-69
57
58    <application
58-->src\main\AndroidManifest.xml:17:5-116:19
59        android:name="net.qiujuer.italker.push.App"
59-->src\main\AndroidManifest.xml:18:9-28
60        android:allowBackup="false"
60-->src\main\AndroidManifest.xml:19:9-36
61        android:appComponentFactory="androidx.core.app.CoreComponentFactory"
61-->[androidx.core:core:1.2.0] AndroidManifest.xml:24:18-86
62        android:debuggable="true"
63        android:icon="@mipmap/ic_launcher"
63-->src\main\AndroidManifest.xml:20:9-43
64        android:label="@string/app_name"
64-->src\main\AndroidManifest.xml:21:9-41
65        android:supportsRtl="true"
65-->src\main\AndroidManifest.xml:22:9-35
66        android:theme="@style/AppTheme"
66-->src\main\AndroidManifest.xml:23:9-40
67        android:usesCleartextTraffic="true" >
67-->src\main\AndroidManifest.xml:24:9-44
68
69        <!-- Android7 FileProvider 适配 -->
70        <provider
71            android:name="net.qiujuer.italker.push.AppFileProvider"
71-->src\main\AndroidManifest.xml:31:13-44
72            android:authorities="net.qiujuer.italker.push.provider"
72-->src\main\AndroidManifest.xml:32:13-60
73            android:exported="false"
73-->src\main\AndroidManifest.xml:33:13-37
74            android:grantUriPermissions="true" >
74-->src\main\AndroidManifest.xml:34:13-47
75            <meta-data
75-->src\main\AndroidManifest.xml:35:13-37:58
76                android:name="android.support.FILE_PROVIDER_PATHS"
76-->src\main\AndroidManifest.xml:36:17-67
77                android:resource="@xml/provider_paths" />
77-->src\main\AndroidManifest.xml:37:17-55
78        </provider>
79
80        <!-- 个推的Service服务,维持长链接接收消息，process 名字不可更改 -->
81        <service
81-->src\main\AndroidManifest.xml:41:9-47:46
82            android:name="net.qiujuer.italker.push.AppPushService"
82-->src\main\AndroidManifest.xml:42:13-43
83            android:enabled="true"
83-->src\main\AndroidManifest.xml:43:13-35
84            android:exported="true"
84-->src\main\AndroidManifest.xml:44:13-36
85            android:label="AppPushService"
85-->src\main\AndroidManifest.xml:45:13-43
86            android:permission="1000"
86-->src\main\AndroidManifest.xml:46:13-38
87            android:process=":pushservice" />
87-->src\main\AndroidManifest.xml:47:13-43
88        <!-- 个推的消息送达服务，用以接收AppPushService处理后的有效消息接收，类似于之前的广播 -->
89        <service
89-->src\main\AndroidManifest.xml:49:9-54:41
90            android:name="net.qiujuer.italker.push.AppMessageReceiverService"
90-->src\main\AndroidManifest.xml:50:13-54
91            android:enabled="true"
91-->src\main\AndroidManifest.xml:51:13-35
92            android:exported="true"
92-->src\main\AndroidManifest.xml:52:13-36
93            android:label="AppMessageReceiverService"
93-->src\main\AndroidManifest.xml:53:13-54
94            android:permission="1000" />
94-->src\main\AndroidManifest.xml:54:13-38
95
96        <activity
96-->src\main\AndroidManifest.xml:56:9-65:20
97            android:name="net.qiujuer.italker.push.IMLaunchActivity"
97-->src\main\AndroidManifest.xml:57:13-45
98            android:label="@string/title_activity_launch"
98-->src\main\AndroidManifest.xml:58:13-58
99            android:theme="@style/AppTheme.TransStatusBar" >
99-->src\main\AndroidManifest.xml:59:13-59
100            <intent-filter>
100-->src\main\AndroidManifest.xml:60:13-64:29
101                <action android:name="android.intent.action.MAIN" />
101-->src\main\AndroidManifest.xml:61:17-69
101-->src\main\AndroidManifest.xml:61:25-66
102
103                <category android:name="android.intent.category.LAUNCHER" />
103-->src\main\AndroidManifest.xml:63:17-77
103-->src\main\AndroidManifest.xml:63:27-74
104            </intent-filter>
105        </activity>
106        <activity
106-->src\main\AndroidManifest.xml:66:9-69:52
107            android:name="net.qiujuer.italker.push.activities.MainActivity"
107-->src\main\AndroidManifest.xml:67:13-52
108            android:screenOrientation="portrait"
108-->src\main\AndroidManifest.xml:68:13-49
109            android:theme="@style/AppTheme.Main" />
109-->src\main\AndroidManifest.xml:69:13-49
110        <activity
110-->src\main\AndroidManifest.xml:70:9-73:55
111            android:name="net.qiujuer.italker.push.activities.AccountActivity"
111-->src\main\AndroidManifest.xml:71:13-55
112            android:screenOrientation="portrait"
112-->src\main\AndroidManifest.xml:72:13-49
113            android:theme="@style/AppTheme.Account" />
113-->src\main\AndroidManifest.xml:73:13-52
114        <activity
114-->src\main\AndroidManifest.xml:74:9-77:47
115            android:name="com.yalantis.ucrop.UCropActivity"
115-->src\main\AndroidManifest.xml:75:13-60
116            android:screenOrientation="portrait"
116-->src\main\AndroidManifest.xml:76:13-49
117            android:theme="@style/AppTheme" />
117-->src\main\AndroidManifest.xml:77:13-44
118        <activity
118-->src\main\AndroidManifest.xml:78:9-82:55
119            android:name="net.qiujuer.italker.push.activities.UserActivity"
119-->src\main\AndroidManifest.xml:79:13-52
120            android:label="@string/title_activity_user"
120-->src\main\AndroidManifest.xml:80:13-56
121            android:screenOrientation="portrait"
121-->src\main\AndroidManifest.xml:81:13-49
122            android:theme="@style/AppTheme.Account" />
122-->src\main\AndroidManifest.xml:82:13-52
123        <activity
123-->src\main\AndroidManifest.xml:83:9-87:62
124            android:name="net.qiujuer.italker.push.activities.SearchActivity"
124-->src\main\AndroidManifest.xml:84:13-54
125            android:label="@string/title_search"
125-->src\main\AndroidManifest.xml:85:13-49
126            android:screenOrientation="portrait"
126-->src\main\AndroidManifest.xml:86:13-49
127            android:theme="@style/AppTheme.TransStatusBar" />
127-->src\main\AndroidManifest.xml:87:13-59
128        <activity
128-->src\main\AndroidManifest.xml:88:9-93:58
129            android:name="net.qiujuer.italker.push.activities.MessageActivity"
129-->src\main\AndroidManifest.xml:89:13-55
130            android:label="@string/title_activity_message"
130-->src\main\AndroidManifest.xml:90:13-59
131            android:screenOrientation="portrait"
131-->src\main\AndroidManifest.xml:91:13-49
132            android:theme="@style/AppTheme.Message"
132-->src\main\AndroidManifest.xml:92:13-52
133            android:windowSoftInputMode="adjustResize" />
133-->src\main\AndroidManifest.xml:93:13-55
134        <activity
134-->src\main\AndroidManifest.xml:94:9-98:62
135            android:name="net.qiujuer.italker.push.activities.PersonalActivity"
135-->src\main\AndroidManifest.xml:95:13-56
136            android:label="@string/title_activity_personal"
136-->src\main\AndroidManifest.xml:96:13-60
137            android:screenOrientation="portrait"
137-->src\main\AndroidManifest.xml:97:13-49
138            android:theme="@style/AppTheme.TransStatusBar" />
138-->src\main\AndroidManifest.xml:98:13-59
139        <activity
139-->src\main\AndroidManifest.xml:99:9-102:60
140            android:name="net.qiujuer.italker.push.activities.GroupCreateActivity"
140-->src\main\AndroidManifest.xml:100:13-59
141            android:screenOrientation="portrait"
141-->src\main\AndroidManifest.xml:101:13-49
142            android:theme="@style/AppTheme.Group.Create" />
142-->src\main\AndroidManifest.xml:102:13-57
143        <activity
143-->src\main\AndroidManifest.xml:103:9-107:62
144            android:name="net.qiujuer.italker.push.activities.GroupMemberActivity"
144-->src\main\AndroidManifest.xml:104:13-59
145            android:label="@string/title_member_list"
145-->src\main\AndroidManifest.xml:105:13-54
146            android:screenOrientation="portrait"
146-->src\main\AndroidManifest.xml:106:13-49
147            android:theme="@style/AppTheme.TransStatusBar" />
147-->src\main\AndroidManifest.xml:107:13-59
148
149        <meta-data
149-->src\main\AndroidManifest.xml:109:9-111:33
150            android:name="android.max_aspect"
150-->src\main\AndroidManifest.xml:110:13-46
151            android:value="3" />
151-->src\main\AndroidManifest.xml:111:13-30
152        <meta-data
152-->src\main\AndroidManifest.xml:112:9-114:36
153            android:name="android.notch_support"
153-->src\main\AndroidManifest.xml:113:13-49
154            android:value="true" />
154-->src\main\AndroidManifest.xml:114:13-33
155
156        <activity
156-->[pub.devrel:easypermissions:0.3.0] AndroidManifest.xml:12:9-16:66
157            android:name="pub.devrel.easypermissions.AppSettingsDialogHolderActivity"
157-->[pub.devrel:easypermissions:0.3.0] AndroidManifest.xml:13:13-86
158            android:exported="false"
158-->[pub.devrel:easypermissions:0.3.0] AndroidManifest.xml:14:13-37
159            android:label=""
159-->[pub.devrel:easypermissions:0.3.0] AndroidManifest.xml:15:13-29
160            android:theme="@style/EasyPermissions.Transparent" />
160-->[pub.devrel:easypermissions:0.3.0] AndroidManifest.xml:16:13-63
161        <activity
161-->[com.yanzhenjie:permission:1.1.2] AndroidManifest.xml:25:9-30:75
162            android:name="com.yanzhenjie.permission.PermissionActivity"
162-->[com.yanzhenjie:permission:1.1.2] AndroidManifest.xml:26:13-72
163            android:configChanges="keyboardHidden|orientation|screenSize"
163-->[com.yanzhenjie:permission:1.1.2] AndroidManifest.xml:27:13-74
164            android:launchMode="standard"
164-->[com.yanzhenjie:permission:1.1.2] AndroidManifest.xml:28:13-42
165            android:theme="@style/permission_PermissionActivity"
165-->[com.yanzhenjie:permission:1.1.2] AndroidManifest.xml:29:13-65
166            android:windowSoftInputMode="stateHidden|stateAlwaysHidden" /> <!-- 配置的第三⽅方参数属性 -->
166-->[com.yanzhenjie:permission:1.1.2] AndroidManifest.xml:30:13-72
167        <meta-data
167-->[com.getui:sdk:2.13.0.0] AndroidManifest.xml:30:9-32:47
168            android:name="PUSH_APPID"
168-->[com.getui:sdk:2.13.0.0] AndroidManifest.xml:31:13-38
169            android:value="Rr51sROK4B8FXbq0TUjAF5" />
169-->[com.getui:sdk:2.13.0.0] AndroidManifest.xml:32:13-44
170        <meta-data
170-->[com.getui:sdk:2.13.0.0] AndroidManifest.xml:33:9-35:48
171            android:name="PUSH_APPKEY"
171-->[com.getui:sdk:2.13.0.0] AndroidManifest.xml:34:13-39
172            android:value="eurxTdqHECAKgc7s4xtUe9" />
172-->[com.getui:sdk:2.13.0.0] AndroidManifest.xml:35:13-45
173        <meta-data
173-->[com.getui:sdk:2.13.0.0] AndroidManifest.xml:36:9-38:51
174            android:name="PUSH_APPSECRET"
174-->[com.getui:sdk:2.13.0.0] AndroidManifest.xml:37:13-42
175            android:value="wvAHiSQwuJ79Fp1tBy8Td8" /> <!-- 配置SDK核⼼心服务 -->
175-->[com.getui:sdk:2.13.0.0] AndroidManifest.xml:38:13-48
176        <service
176-->[com.getui:sdk:2.13.0.0] AndroidManifest.xml:40:9-48:19
177            android:name="com.igexin.sdk.PushService"
177-->[com.getui:sdk:2.13.0.0] AndroidManifest.xml:41:13-54
178            android:exported="true"
178-->[com.getui:sdk:2.13.0.0] AndroidManifest.xml:42:13-36
179            android:label="NotificationCenter"
179-->[com.getui:sdk:2.13.0.0] AndroidManifest.xml:43:13-47
180            android:process=":pushservice" >
180-->[com.getui:sdk:2.13.0.0] AndroidManifest.xml:44:13-43
181            <intent-filter>
181-->[com.getui:sdk:2.13.0.0] AndroidManifest.xml:45:13-47:29
182                <action android:name="com.igexin.sdk.action.service.message" />
182-->[com.getui:sdk:2.13.0.0] AndroidManifest.xml:46:17-80
182-->[com.getui:sdk:2.13.0.0] AndroidManifest.xml:46:25-77
183            </intent-filter>
184        </service>
185
186        <receiver android:name="com.igexin.sdk.PushReceiver" >
186-->[com.getui:sdk:2.13.0.0] AndroidManifest.xml:50:9-61:20
186-->[com.getui:sdk:2.13.0.0] AndroidManifest.xml:50:19-61
187            <intent-filter>
187-->[com.getui:sdk:2.13.0.0] AndroidManifest.xml:51:13-60:29
188                <action android:name="android.intent.action.BOOT_COMPLETED" />
188-->[com.getui:sdk:2.13.0.0] AndroidManifest.xml:52:17-79
188-->[com.getui:sdk:2.13.0.0] AndroidManifest.xml:52:25-76
189                <action android:name="android.net.conn.CONNECTIVITY_CHANGE" />
189-->[com.getui:sdk:2.13.0.0] AndroidManifest.xml:53:17-79
189-->[com.getui:sdk:2.13.0.0] AndroidManifest.xml:53:25-76
190                <action android:name="android.intent.action.USER_PRESENT" />
190-->[com.getui:sdk:2.13.0.0] AndroidManifest.xml:54:17-77
190-->[com.getui:sdk:2.13.0.0] AndroidManifest.xml:54:25-74
191                <action android:name="com.igexin.sdk.action.refreshls" />
191-->[com.getui:sdk:2.13.0.0] AndroidManifest.xml:55:17-74
191-->[com.getui:sdk:2.13.0.0] AndroidManifest.xml:55:25-71
192                <!-- 以下三项为可选的action声明，可⼤大⼤大提⾼高service存活率和消息到达速度 -->
193                <action android:name="android.intent.action.MEDIA_MOUNTED" />
193-->[com.getui:sdk:2.13.0.0] AndroidManifest.xml:57:17-78
193-->[com.getui:sdk:2.13.0.0] AndroidManifest.xml:57:25-75
194                <action android:name="android.intent.action.ACTION_POWER_CONNECTED" />
194-->[com.getui:sdk:2.13.0.0] AndroidManifest.xml:58:17-87
194-->[com.getui:sdk:2.13.0.0] AndroidManifest.xml:58:25-84
195                <action android:name="android.intent.action.ACTION_POWER_DISCONNECTED" />
195-->[com.getui:sdk:2.13.0.0] AndroidManifest.xml:59:17-90
195-->[com.getui:sdk:2.13.0.0] AndroidManifest.xml:59:25-87
196            </intent-filter>
197        </receiver>
198
199        <activity
199-->[com.getui:sdk:2.13.0.0] AndroidManifest.xml:63:9-69:75
200            android:name="com.igexin.sdk.PushActivity"
200-->[com.getui:sdk:2.13.0.0] AndroidManifest.xml:64:13-55
201            android:excludeFromRecents="true"
201-->[com.getui:sdk:2.13.0.0] AndroidManifest.xml:65:13-46
202            android:exported="false"
202-->[com.getui:sdk:2.13.0.0] AndroidManifest.xml:66:13-37
203            android:process=":pushservice"
203-->[com.getui:sdk:2.13.0.0] AndroidManifest.xml:67:13-43
204            android:taskAffinity="com.igexin.sdk.PushActivityTask"
204-->[com.getui:sdk:2.13.0.0] AndroidManifest.xml:68:13-67
205            android:theme="@android:style/Theme.Translucent.NoTitleBar" />
205-->[com.getui:sdk:2.13.0.0] AndroidManifest.xml:69:13-72
206        <activity
206-->[com.getui:sdk:2.13.0.0] AndroidManifest.xml:70:9-76:75
207            android:name="com.igexin.sdk.GActivity"
207-->[com.getui:sdk:2.13.0.0] AndroidManifest.xml:71:13-52
208            android:excludeFromRecents="true"
208-->[com.getui:sdk:2.13.0.0] AndroidManifest.xml:72:13-46
209            android:exported="true"
209-->[com.getui:sdk:2.13.0.0] AndroidManifest.xml:73:13-36
210            android:process=":pushservice"
210-->[com.getui:sdk:2.13.0.0] AndroidManifest.xml:74:13-43
211            android:taskAffinity="com.igexin.sdk.PushActivityTask"
211-->[com.getui:sdk:2.13.0.0] AndroidManifest.xml:75:13-67
212            android:theme="@android:style/Theme.Translucent.NoTitleBar" />
212-->[com.getui:sdk:2.13.0.0] AndroidManifest.xml:76:13-72
213        <activity
213-->[androidx.test:core:1.2.0] AndroidManifest.xml:27:9-33:20
214            android:name="androidx.test.core.app.InstrumentationActivityInvoker$BootstrapActivity"
214-->[androidx.test:core:1.2.0] AndroidManifest.xml:28:13-99
215            android:theme="@android:style/Theme" >
215-->[androidx.test:core:1.2.0] AndroidManifest.xml:29:13-49
216            <intent-filter>
216-->[androidx.test:core:1.2.0] AndroidManifest.xml:30:13-32:29
217                <action android:name="android.intent.action.MAIN" />
217-->src\main\AndroidManifest.xml:61:17-69
217-->src\main\AndroidManifest.xml:61:25-66
218            </intent-filter>
219        </activity>
220        <activity
220-->[androidx.test:core:1.2.0] AndroidManifest.xml:34:9-40:20
221            android:name="androidx.test.core.app.InstrumentationActivityInvoker$EmptyActivity"
221-->[androidx.test:core:1.2.0] AndroidManifest.xml:35:13-95
222            android:theme="@android:style/Theme" >
222-->[androidx.test:core:1.2.0] AndroidManifest.xml:36:13-49
223            <intent-filter>
223-->[androidx.test:core:1.2.0] AndroidManifest.xml:30:13-32:29
224                <action android:name="android.intent.action.MAIN" />
224-->src\main\AndroidManifest.xml:61:17-69
224-->src\main\AndroidManifest.xml:61:25-66
225            </intent-filter>
226        </activity>
227        <activity
227-->[androidx.test:core:1.2.0] AndroidManifest.xml:41:9-47:20
228            android:name="androidx.test.core.app.InstrumentationActivityInvoker$EmptyFloatingActivity"
228-->[androidx.test:core:1.2.0] AndroidManifest.xml:42:13-103
229            android:theme="@android:style/Theme.Dialog" >
229-->[androidx.test:core:1.2.0] AndroidManifest.xml:43:13-56
230            <intent-filter>
230-->[androidx.test:core:1.2.0] AndroidManifest.xml:30:13-32:29
231                <action android:name="android.intent.action.MAIN" />
231-->src\main\AndroidManifest.xml:61:17-69
231-->src\main\AndroidManifest.xml:61:25-66
232            </intent-filter>
233        </activity>
234    </application>
235
236</manifest>